TN:
SF:src\layoutRouter.ts
FN:3,resolveLayoutForProcess
FNF:1
FNH:1
FNDA:4,resolveLayoutForProcess
DA:3,1
DA:4,4
DA:6,4
DA:7,3
DA:8,3
DA:10,1
DA:11,1
LF:7
LH:7
BRDA:3,0,0,4
BRDA:6,1,0,3
BRDA:8,2,0,1
BRF:3
BRH:3
end_of_record
TN:
SF:src\normalization.ts
FN:5,clamp
FN:9,normalizeToXInput
FNF:2
FNH:2
FNDA:11,clamp
FNDA:4,normalizeToXInput
DA:3,1
DA:5,1
DA:6,11
DA:7,11
DA:9,1
DA:10,4
DA:11,4
DA:13,4
DA:14,4
LF:9
LH:9
BRDA:5,0,0,11
BRDA:9,1,0,4
BRF:2
BRH:2
end_of_record
TN:
SF:src\telemetry.ts
FN:11,<instance_members_initializer>
FN:14,Telemetry
FN:27,onPacket
FN:43,snapshot
FNF:4
FNH:4
FNDA:3,<instance_members_initializer>
FNDA:3,Telemetry
FNDA:4,onPacket
FNDA:3,snapshot
DA:11,1
DA:12,3
DA:14,3
DA:15,3
DA:16,3
DA:17,3
DA:18,3
DA:19,3
DA:20,3
DA:21,3
DA:22,3
DA:23,3
DA:24,3
DA:25,3
DA:27,3
DA:28,4
DA:29,4
DA:31,4
DA:32,2
DA:33,2
DA:34,2
DA:35,2
DA:36,2
DA:38,4
DA:39,4
DA:40,4
DA:41,4
DA:43,3
DA:50,3
DA:51,3
DA:52,3
DA:53,3
DA:55,3
DA:56,3
DA:57,3
DA:58,3
DA:59,3
DA:60,3
DA:61,3
DA:62,2
DA:63,1
DA:64,3
DA:65,3
DA:66,3
DA:67,3
LF:45
LH:45
BRDA:11,0,0,3
BRDA:14,1,0,3
BRDA:27,2,0,4
BRDA:31,3,0,2
BRDA:43,4,0,3
BRDA:61,5,0,2
BRDA:62,6,0,1
BRF:7
BRH:7
end_of_record
